<?xml version="1.0" encoding="UTF-8"?>
<testng-results ignored="0" total="1" passed="1" failed="0" skipped="0">
  <reporter-output>
    <line>
      <![CDATA[Login successfull]]>
    </line>
    <line>
      <![CDATA[The User's profile Url is https://wallethub.com/profile/68504035i]]>
    </line>
  </reporter-output>
  <suite started-at="2022-05-27T04:10:18 IST" name="Default suite" finished-at="2022-05-27T04:10:41 IST" duration-ms="23083">
    <groups>
    </groups>
    <test started-at="2022-05-27T04:10:18 IST" name="Default test" finished-at="2022-05-27T04:10:41 IST" duration-ms="23083">
      <class name="wallethub.ProjectReviewCompany">
        <test-method is-config="true" signature="setUp()[pri:0, instance:wallethub.ProjectReviewCompany@7e7be63f]" started-at="2022-05-27T04:10:18 IST" name="setUp" finished-at="2022-05-27T04:10:22 IST" duration-ms="3624" status="PASS">
          <reporter-output>
          </reporter-output>
        </test-method> <!-- setUp -->
        <test-method signature="login()[pri:0, instance:wallethub.ProjectReviewCompany@7e7be63f]" started-at="2022-05-27T04:10:22 IST" name="login" finished-at="2022-05-27T04:10:40 IST" duration-ms="18060" status="PASS">
          <reporter-output>
            <line>
              <![CDATA[Login successfull]]>
            </line>
            <line>
              <![CDATA[The User's profile Url is https://wallethub.com/profile/68504035i]]>
            </line>
          </reporter-output>
        </test-method> <!-- login -->
        <test-method is-config="true" signature="tearDown()[pri:0, instance:wallethub.ProjectReviewCompany@7e7be63f]" started-at="2022-05-27T04:10:40 IST" name="tearDown" finished-at="2022-05-27T04:10:41 IST" duration-ms="1345" status="PASS">
          <reporter-output>
          </reporter-output>
        </test-method> <!-- tearDown -->
      </class> <!-- wallethub.ProjectReviewCompany -->
    </test> <!-- Default test -->
  </suite> <!-- Default suite -->
</testng-results>
